<?xml version="1.0" encoding="UTF-8"?>
<!-- Generated by org.testng.reporters.JUnitXMLReporter -->
<testsuite ignored="0" hostname="Lloyds-MacBook-Air.local" failures="0" tests="1" name="Contact Form Test" time="0.039" errors="0" timestamp="2024-05-04T07:00:17 IST">
  <testcase classname="com.scenario1.ContactFormTest" name="@BeforeClass setUp" time="0.02">
    <failure type="java.lang.IllegalStateException" message="It must be an executable file: /Users/leobernard/eclipse-workspace/caseStudy_Basic_SDET/Drivers/chromedriver">
      <![CDATA[java.lang.IllegalStateException: It must be an executable file: /Users/leobernard/eclipse-workspace/caseStudy_Basic_SDET/Drivers/chromedriver
at org.openqa.selenium.internal.Require.stateCondition(Require.java:253)
at org.openqa.selenium.remote.service.DriverService.checkExecutable(DriverService.java:148)
at org.openqa.selenium.remote.service.DriverService.findExecutable(DriverService.java:142)
at org.openqa.selenium.chrome.ChromeDriverService.access$000(ChromeDriverService.java:38)
at org.openqa.selenium.chrome.ChromeDriverService$Builder.findDefaultExecutable(ChromeDriverService.java:231)
at org.openqa.selenium.remote.service.DriverService$Builder.build(DriverService.java:437)
at org.openqa.selenium.chrome.ChromeDriverService.createDefaultService(ChromeDriverService.java:127)
at org.openqa.selenium.chrome.ChromeDriver.<init>(ChromeDriver.java:46)
at com.scenario1.ContactFormTest.setUp(ContactFormTest.java:15)
at java.base/java.util.ArrayList.forEach(ArrayList.java:1511)
... Removed 25 stack frames]]>
    </failure>
  </testcase> <!-- @BeforeClass setUp -->
  <testcase classname="com.scenario1.ContactFormTest" name="@AfterClass tearDown" time="-1.714786217432E9">
    <skipped/>
  </testcase> <!-- @AfterClass tearDown -->
  <testcase classname="com.scenario1.ContactFormTest" name="testContactFormSubmission" time="0.0">
    <skipped/>
  </testcase> <!-- testContactFormSubmission -->
</testsuite> <!-- Contact Form Test -->
